# JRE version: OpenJDK Runtime Environment JBR-21.0.5+8-631.16-nomod (21.0.5+8) (build 21.0.5+8-b631.16)
# Java VM: OpenJDK 64-Bit Server VM JBR-21.0.5+8-631.16-nomod (21.0.5+8-b631.16, mixed mode, tiered, compressed oops, compressed class ptrs, g1 gc, linux-amd64)
GC Precious Log:
 CardTable entry size: 512
 Card Set container configuration: InlinePtr #cards 5 size 8 Array Of Cards #cards 12 size 40 Howl #buckets 4 coarsen threshold 1843 Howl Bitmap #cards 512 size 80 coarsen threshold 460 Card regions per heap region 1 cards per card region 2048
 CPUs: 12 total, 12 available
 Memory: 32009M
 Large Page Support: Disabled
 NUMA Support: Disabled
 Compressed Oops: Enabled (32-bit)
 Heap Region Size: 1M
 Heap Min Capacity: 8M
 Heap Initial Capacity: 502M
 Heap Max Capacity: 1G
 Pre-touch: Disabled
 Parallel Workers: 10
 Concurrent Workers: 3
 Concurrent Refinement Workers: 10
 Periodic GC: Disabled
Heap:
 garbage-first heap   total 491520K, used 224256K [0x00000000c0000000, 0x0000000100000000)
  region size 1024K, 12 young (12288K), 9 survivors (9216K)
 Metaspace       used 188288K, committed 191488K, reserved 1245184K
  class space    used 23811K, committed 25216K, reserved 1048576K
GC Heap History (20 events):
Event: 3.210 GC heap before
{Heap before GC invocations=23 (full 0):
 garbage-first heap   total 223232K, used 190039K [0x00000000c0000000, 0x0000000100000000)
  region size 1024K, 108 young (110592K), 8 survivors (8192K)
 Metaspace       used 138809K, committed 140672K, reserved 1179648K
  class space    used 17215K, committed 17984K, reserved 1048576K
}
Event: 3.217 GC heap after
{Heap after GC invocations=24 (full 0):
 garbage-first heap   total 223232K, used 101161K [0x00000000c0000000, 0x0000000100000000)
  region size 1024K, 14 young (14336K), 14 survivors (14336K)
 Metaspace       used 138809K, committed 140672K, reserved 1179648K
  class space    used 17215K, committed 17984K, reserved 1048576K
}
Event: 3.333 GC heap before
{Heap before GC invocations=24 (full 0):
 garbage-first heap   total 223232K, used 192297K [0x00000000c0000000, 0x0000000100000000)
  region size 1024K, 103 young (105472K), 14 survivors (14336K)
 Metaspace       used 142883K, committed 144960K, reserved 1179648K
  class space    used 17797K, committed 18688K, reserved 1048576K
}
Event: 3.345 GC heap after
{Heap after GC invocations=25 (full 0):
 garbage-first heap   total 224256K, used 115394K [0x00000000c0000000, 0x0000000100000000)
  region size 1024K, 13 young (13312K), 13 survivors (13312K)
 Metaspace       used 142883K, committed 144960K, reserved 1179648K
  class space    used 17797K, committed 18688K, reserved 1048576K
}
Event: 3.453 GC heap before
{Heap before GC invocations=25 (full 0):
 garbage-first heap   total 224256K, used 191170K [0x00000000c0000000, 0x0000000100000000)
  region size 1024K, 88 young (90112K), 13 survivors (13312K)
 Metaspace       used 146620K, committed 148800K, reserved 1179648K
  class space    used 18339K, committed 19264K, reserved 1048576K
}
Event: 3.463 GC heap after
{Heap after GC invocations=26 (full 0):
 garbage-first heap   total 224256K, used 130048K [0x00000000c0000000, 0x0000000100000000)
  region size 1024K, 11 young (11264K), 11 survivors (11264K)
 Metaspace       used 146620K, committed 148800K, reserved 1179648K
  class space    used 18339K, committed 19264K, reserved 1048576K
}
Event: 3.587 GC heap before
{Heap before GC invocations=27 (full 0):
 garbage-first heap   total 224256K, used 195584K [0x00000000c0000000, 0x0000000100000000)
  region size 1024K, 75 young (76800K), 11 survivors (11264K)
 Metaspace       used 149420K, committed 151680K, reserved 1245184K
  class space    used 18711K, committed 19648K, reserved 1048576K
}
Event: 3.598 GC heap after
{Heap after GC invocations=28 (full 0):
 garbage-first heap   total 224256K, used 143872K [0x00000000c0000000, 0x0000000100000000)
  region size 1024K, 10 young (10240K), 10 survivors (10240K)
 Metaspace       used 149420K, committed 151680K, reserved 1245184K
  class space    used 18711K, committed 19648K, reserved 1048576K
}
Event: 3.710 GC heap before
{Heap before GC invocations=28 (full 0):
 garbage-first heap   total 224256K, used 197120K [0x00000000c0000000, 0x0000000100000000)
  region size 1024K, 63 young (64512K), 10 survivors (10240K)
 Metaspace       used 153707K, committed 156032K, reserved 1245184K
  class space    used 19311K, committed 20288K, reserved 1048576K
}
Event: 3.718 GC heap after
{Heap after GC invocations=29 (full 0):
 garbage-first heap   total 224256K, used 147456K [0x00000000c0000000, 0x0000000100000000)
  region size 1024K, 6 young (6144K), 6 survivors (6144K)
 Metaspace       used 153707K, committed 156032K, reserved 1245184K
  class space    used 19311K, committed 20288K, reserved 1048576K
}
Event: 3.789 GC heap before
{Heap before GC invocations=29 (full 0):
 garbage-first heap   total 224256K, used 199680K [0x00000000c0000000, 0x0000000100000000)
  region size 1024K, 58 young (59392K), 6 survivors (6144K)
 Metaspace       used 155283K, committed 157568K, reserved 1245184K
  class space    used 19514K, committed 20480K, reserved 1048576K
}
Event: 3.796 GC heap after
{Heap after GC invocations=30 (full 0):
 garbage-first heap   total 491520K, used 151990K [0x00000000c0000000, 0x0000000100000000)
  region size 1024K, 5 young (5120K), 5 survivors (5120K)
 Metaspace       used 155283K, committed 157568K, reserved 1245184K
  class space    used 19514K, committed 20480K, reserved 1048576K
}
Event: 4.219 GC heap before
{Heap before GC invocations=31 (full 0):
 garbage-first heap   total 491520K, used 397750K [0x00000000c0000000, 0x0000000100000000)
  region size 1024K, 246 young (251904K), 5 survivors (5120K)
 Metaspace       used 167355K, committed 169984K, reserved 1245184K
  class space    used 21126K, committed 22208K, reserved 1048576K
}
Event: 4.229 GC heap after
{Heap after GC invocations=32 (full 0):
 garbage-first heap   total 491520K, used 175104K [0x00000000c0000000, 0x0000000100000000)
  region size 1024K, 27 young (27648K), 27 survivors (27648K)
 Metaspace       used 167355K, committed 169984K, reserved 1245184K
  class space    used 21126K, committed 22208K, reserved 1048576K
}
Event: 4.391 GC heap before
{Heap before GC invocations=32 (full 0):
 garbage-first heap   total 491520K, used 402432K [0x00000000c0000000, 0x0000000100000000)
  region size 1024K, 250 young (256000K), 27 survivors (27648K)
 Metaspace       used 171250K, committed 174016K, reserved 1245184K
  class space    used 21696K, committed 22848K, reserved 1048576K
}
Event: 4.399 GC heap after
{Heap after GC invocations=33 (full 0):
 garbage-first heap   total 491520K, used 179870K [0x00000000c0000000, 0x0000000100000000)
  region size 1024K, 13 young (13312K), 13 survivors (13312K)
 Metaspace       used 171250K, committed 174016K, reserved 1245184K
  class space    used 21696K, committed 22848K, reserved 1048576K
}
Event: 4.651 GC heap before
{Heap before GC invocations=33 (full 0):
 garbage-first heap   total 491520K, used 414366K [0x00000000c0000000, 0x0000000100000000)
  region size 1024K, 243 young (248832K), 13 survivors (13312K)
 Metaspace       used 179958K, committed 182848K, reserved 1245184K
  class space    used 22863K, committed 24128K, reserved 1048576K
}
Event: 4.657 GC heap after
{Heap after GC invocations=34 (full 0):
 garbage-first heap   total 491520K, used 190110K [0x00000000c0000000, 0x0000000100000000)
  region size 1024K, 23 young (23552K), 23 survivors (23552K)
 Metaspace       used 179958K, committed 182848K, reserved 1245184K
  class space    used 22863K, committed 24128K, reserved 1048576K
}
Event: 6.458 GC heap before
{Heap before GC invocations=34 (full 0):
 garbage-first heap   total 491520K, used 445086K [0x00000000c0000000, 0x0000000100000000)
  region size 1024K, 255 young (261120K), 23 survivors (23552K)
 Metaspace       used 188173K, committed 191360K, reserved 1245184K
  class space    used 23797K, committed 25216K, reserved 1048576K
}
Event: 6.470 GC heap after
{Heap after GC invocations=35 (full 0):
 garbage-first heap   total 491520K, used 198135K [0x00000000c0000000, 0x0000000100000000)
  region size 1024K, 19 young (19456K), 19 survivors (19456K)
 Metaspace       used 188173K, committed 191360K, reserved 1245184K
  class space    used 23797K, committed 25216K, reserved 1048576K
}

